{"C:\\www\\node\\divly\\index.js": {"path":"C:\\www\\node\\divly\\index.js","statementMap":{"0":{"start":{"line":3,"column":16},"end":{"line":3,"column":34}},"1":{"start":{"line":4,"column":21},"end":{"line":4,"column":38}},"2":{"start":{"line":5,"column":16},"end":{"line":5,"column":34}},"3":{"start":{"line":6,"column":16},"end":{"line":6,"column":34}},"4":{"start":{"line":7,"column":12},"end":{"line":7,"column":21}},"5":{"start":{"line":11,"column":0},"end":{"line":11,"column":33}},"6":{"start":{"line":12,"column":0},"end":{"line":12,"column":26}},"7":{"start":{"line":13,"column":0},"end":{"line":13,"column":31}},"8":{"start":{"line":14,"column":0},"end":{"line":14,"column":39}},"9":{"start":{"line":18,"column":0},"end":{"line":21,"column":3}},"10":{"start":{"line":19,"column":4},"end":{"line":19,"column":34}},"11":{"start":{"line":20,"column":4},"end":{"line":20,"column":20}},"12":{"start":{"line":23,"column":0},"end":{"line":26,"column":3}},"13":{"start":{"line":24,"column":4},"end":{"line":24,"column":34}},"14":{"start":{"line":25,"column":4},"end":{"line":25,"column":20}},"15":{"start":{"line":30,"column":0},"end":{"line":30,"column":52}},"16":{"start":{"line":34,"column":0},"end":{"line":36,"column":3}},"17":{"start":{"line":35,"column":4},"end":{"line":35,"column":32}},"18":{"start":{"line":37,"column":0},"end":{"line":39,"column":3}},"19":{"start":{"line":38,"column":4},"end":{"line":38,"column":36}},"20":{"start":{"line":43,"column":11},"end":{"line":43,"column":35}},"21":{"start":{"line":45,"column":0},"end":{"line":47,"column":1}},"22":{"start":{"line":46,"column":4},"end":{"line":46,"column":36}},"23":{"start":{"line":49,"column":15},"end":{"line":49,"column":93}},"24":{"start":{"line":49,"column":40},"end":{"line":49,"column":90}},"25":{"start":{"line":51,"column":0},"end":{"line":51,"column":24}}},"fnMap":{"0":{"name":"(anonymous_0)","decl":{"start":{"line":18,"column":32},"end":{"line":18,"column":33}},"loc":{"start":{"line":18,"column":40},"end":{"line":21,"column":1}},"line":18},"1":{"name":"(anonymous_1)","decl":{"start":{"line":23,"column":33},"end":{"line":23,"column":34}},"loc":{"start":{"line":23,"column":41},"end":{"line":26,"column":1}},"line":23},"2":{"name":"(anonymous_2)","decl":{"start":{"line":34,"column":21},"end":{"line":34,"column":22}},"loc":{"start":{"line":34,"column":27},"end":{"line":36,"column":1}},"line":34},"3":{"name":"(anonymous_3)","decl":{"start":{"line":37,"column":25},"end":{"line":37,"column":26}},"loc":{"start":{"line":37,"column":31},"end":{"line":39,"column":1}},"line":37},"4":{"name":"(anonymous_4)","decl":{"start":{"line":49,"column":32},"end":{"line":49,"column":33}},"loc":{"start":{"line":49,"column":38},"end":{"line":49,"column":92}},"line":49}},"branchMap":{"0":{"loc":{"start":{"line":43,"column":11},"end":{"line":43,"column":35}},"type":"binary-expr","locations":[{"start":{"line":43,"column":11},"end":{"line":43,"column":27}},{"start":{"line":43,"column":31},"end":{"line":43,"column":35}}],"line":43},"1":{"loc":{"start":{"line":45,"column":0},"end":{"line":47,"column":1}},"type":"if","locations":[{"start":{"line":45,"column":0},"end":{"line":47,"column":1}},{"start":{},"end":{}}],"line":45},"2":{"loc":{"start":{"line":46,"column":11},"end":{"line":46,"column":35}},"type":"binary-expr","locations":[{"start":{"line":46,"column":11},"end":{"line":46,"column":27}},{"start":{"line":46,"column":31},"end":{"line":46,"column":35}}],"line":46}},"s":{"0":4,"1":4,"2":4,"3":4,"4":4,"5":4,"6":4,"7":4,"8":4,"9":4,"10":0,"11":0,"12":4,"13":0,"14":0,"15":4,"16":4,"17":0,"18":4,"19":0,"20":4,"21":4,"22":0,"23":4,"24":4,"25":4},"f":{"0":0,"1":0,"2":0,"3":0,"4":4},"b":{"0":[4,4],"1":[0,4],"2":[0,0]},"_coverageSchema":"1a1c01bbd47fc00a2c39e90264f33305004495a9","hash":"b7d8abab6dd6a2d7ece1ae0ea7f2ae32c989e620"}
,"C:\\www\\node\\divly\\middleware\\admin.js": {"path":"C:\\www\\node\\divly\\middleware\\admin.js","statementMap":{"0":{"start":{"line":3,"column":0},"end":{"line":8,"column":1}},"1":{"start":{"line":5,"column":4},"end":{"line":5,"column":73}},"2":{"start":{"line":5,"column":27},"end":{"line":5,"column":73}},"3":{"start":{"line":7,"column":4},"end":{"line":7,"column":11}}},"fnMap":{"0":{"name":"(anonymous_0)","decl":{"start":{"line":3,"column":17},"end":{"line":3,"column":18}},"loc":{"start":{"line":3,"column":43},"end":{"line":8,"column":1}},"line":3}},"branchMap":{"0":{"loc":{"start":{"line":5,"column":4},"end":{"line":5,"column":73}},"type":"if","locations":[{"start":{"line":5,"column":4},"end":{"line":5,"column":73}},{"start":{},"end":{}}],"line":5}},"s":{"0":4,"1":9,"2":0,"3":9},"f":{"0":9},"b":{"0":[0,9]},"_coverageSchema":"1a1c01bbd47fc00a2c39e90264f33305004495a9","hash":"335212667ca1f6b9f5f01f043ec7553d1cd23889"}
,"C:\\www\\node\\divly\\middleware\\async.js": {"path":"C:\\www\\node\\divly\\middleware\\async.js","statementMap":{"0":{"start":{"line":3,"column":0},"end":{"line":13,"column":1}},"1":{"start":{"line":5,"column":4},"end":{"line":12,"column":5}},"2":{"start":{"line":6,"column":8},"end":{"line":11,"column":9}},"3":{"start":{"line":7,"column":12},"end":{"line":7,"column":35}},"4":{"start":{"line":10,"column":12},"end":{"line":10,"column":20}}},"fnMap":{"0":{"name":"errorCatcher","decl":{"start":{"line":3,"column":26},"end":{"line":3,"column":38}},"loc":{"start":{"line":3,"column":48},"end":{"line":13,"column":1}},"line":3},"1":{"name":"(anonymous_1)","decl":{"start":{"line":5,"column":11},"end":{"line":5,"column":12}},"loc":{"start":{"line":5,"column":37},"end":{"line":12,"column":5}},"line":5}},"branchMap":{},"s":{"0":4,"1":12,"2":6,"3":6,"4":0},"f":{"0":12,"1":6},"b":{},"_coverageSchema":"1a1c01bbd47fc00a2c39e90264f33305004495a9","hash":"5d6fc28a6c8edf92eab4a11dbf622116e3365d3a"}
,"C:\\www\\node\\divly\\middleware\\auth.js": {"path":"C:\\www\\node\\divly\\middleware\\auth.js","statementMap":{"0":{"start":{"line":2,"column":12},"end":{"line":2,"column":35}},"1":{"start":{"line":3,"column":15},"end":{"line":3,"column":32}},"2":{"start":{"line":4,"column":16},"end":{"line":4,"column":34}},"3":{"start":{"line":6,"column":0},"end":{"line":19,"column":1}},"4":{"start":{"line":7,"column":18},"end":{"line":7,"column":54}},"5":{"start":{"line":8,"column":4},"end":{"line":8,"column":74}},"6":{"start":{"line":8,"column":31},"end":{"line":8,"column":74}},"7":{"start":{"line":10,"column":4},"end":{"line":18,"column":5}},"8":{"start":{"line":11,"column":24},"end":{"line":11,"column":70}},"9":{"start":{"line":12,"column":8},"end":{"line":12,"column":26}},"10":{"start":{"line":13,"column":8},"end":{"line":13,"column":15}},"11":{"start":{"line":16,"column":8},"end":{"line":16,"column":25}},"12":{"start":{"line":17,"column":8},"end":{"line":17,"column":54}}},"fnMap":{"0":{"name":"(anonymous_0)","decl":{"start":{"line":6,"column":17},"end":{"line":6,"column":18}},"loc":{"start":{"line":6,"column":43},"end":{"line":19,"column":1}},"line":6}},"branchMap":{"0":{"loc":{"start":{"line":8,"column":4},"end":{"line":8,"column":74}},"type":"if","locations":[{"start":{"line":8,"column":4},"end":{"line":8,"column":74}},{"start":{},"end":{}}],"line":8},"1":{"loc":{"start":{"line":8,"column":8},"end":{"line":8,"column":29}},"type":"binary-expr","locations":[{"start":{"line":8,"column":8},"end":{"line":8,"column":14}},{"start":{"line":8,"column":18},"end":{"line":8,"column":29}}],"line":8}},"s":{"0":5,"1":5,"2":5,"3":5,"4":22,"5":22,"6":3,"7":22,"8":22,"9":18,"10":18,"11":4,"12":4},"f":{"0":22},"b":{"0":[3,19],"1":[22,19]},"_coverageSchema":"1a1c01bbd47fc00a2c39e90264f33305004495a9","hash":"9e7f3fd392ed12eaf66a640efda8e8b5fbed42a6"}
,"C:\\www\\node\\divly\\middleware\\error.js": {"path":"C:\\www\\node\\divly\\middleware\\error.js","statementMap":{"0":{"start":{"line":2,"column":16},"end":{"line":2,"column":34}},"1":{"start":{"line":4,"column":0},"end":{"line":7,"column":1}},"2":{"start":{"line":5,"column":4},"end":{"line":5,"column":36}},"3":{"start":{"line":6,"column":4},"end":{"line":6,"column":50}}},"fnMap":{"0":{"name":"(anonymous_0)","decl":{"start":{"line":4,"column":17},"end":{"line":4,"column":18}},"loc":{"start":{"line":4,"column":48},"end":{"line":7,"column":1}},"line":4}},"branchMap":{},"s":{"0":4,"1":4,"2":3,"3":3},"f":{"0":3},"b":{},"_coverageSchema":"1a1c01bbd47fc00a2c39e90264f33305004495a9","hash":"c1795d7f65c4752234fcdee8f8824f3550f15b0b"}
,"C:\\www\\node\\divly\\models\\costumer.js": {"path":"C:\\www\\node\\divly\\models\\costumer.js","statementMap":{"0":{"start":{"line":1,"column":17},"end":{"line":1,"column":36}},"1":{"start":{"line":3,"column":15},"end":{"line":21,"column":2}},"2":{"start":{"line":23,"column":17},"end":{"line":23,"column":51}},"3":{"start":{"line":25,"column":0},"end":{"line":25,"column":35}}},"fnMap":{},"branchMap":{},"s":{"0":4,"1":4,"2":4,"3":4},"f":{},"b":{},"_coverageSchema":"1a1c01bbd47fc00a2c39e90264f33305004495a9","hash":"79bc604f666d857d58437f76573885826aae8983"}
,"C:\\www\\node\\divly\\models\\genre.js": {"path":"C:\\www\\node\\divly\\models\\genre.js","statementMap":{"0":{"start":{"line":4,"column":17},"end":{"line":4,"column":36}},"1":{"start":{"line":7,"column":20},"end":{"line":15,"column":2}},"2":{"start":{"line":17,"column":14},"end":{"line":17,"column":50}},"3":{"start":{"line":19,"column":0},"end":{"line":19,"column":29}},"4":{"start":{"line":20,"column":0},"end":{"line":20,"column":41}}},"fnMap":{},"branchMap":{},"s":{"0":4,"1":4,"2":4,"3":4,"4":4},"f":{},"b":{},"_coverageSchema":"1a1c01bbd47fc00a2c39e90264f33305004495a9","hash":"20bdf0a9470975ce2730c8059fbd74562a84214f"}
,"C:\\www\\node\\divly\\models\\movie.js": {"path":"C:\\www\\node\\divly\\models\\movie.js","statementMap":{"0":{"start":{"line":2,"column":17},"end":{"line":2,"column":36}},"1":{"start":{"line":4,"column":24},"end":{"line":4,"column":45}},"2":{"start":{"line":6,"column":20},"end":{"line":29,"column":2}},"3":{"start":{"line":31,"column":14},"end":{"line":31,"column":50}},"4":{"start":{"line":33,"column":0},"end":{"line":33,"column":29}}},"fnMap":{},"branchMap":{},"s":{"0":4,"1":4,"2":4,"3":4,"4":4},"f":{},"b":{},"_coverageSchema":"1a1c01bbd47fc00a2c39e90264f33305004495a9","hash":"9201782975239dc15ed06fa0f304a3827aa21561"}
,"C:\\www\\node\\divly\\models\\rental.js": {"path":"C:\\www\\node\\divly\\models\\rental.js","statementMap":{"0":{"start":{"line":2,"column":17},"end":{"line":2,"column":36}},"1":{"start":{"line":4,"column":21},"end":{"line":58,"column":2}},"2":{"start":{"line":60,"column":0},"end":{"line":65,"column":1}},"3":{"start":{"line":61,"column":4},"end":{"line":64,"column":7}},"4":{"start":{"line":67,"column":15},"end":{"line":67,"column":53}},"5":{"start":{"line":69,"column":0},"end":{"line":69,"column":31}}},"fnMap":{"0":{"name":"(anonymous_0)","decl":{"start":{"line":60,"column":30},"end":{"line":60,"column":31}},"loc":{"start":{"line":60,"column":59},"end":{"line":65,"column":1}},"line":60}},"branchMap":{},"s":{"0":4,"1":4,"2":4,"3":6,"4":4,"5":4},"f":{"0":6},"b":{},"_coverageSchema":"1a1c01bbd47fc00a2c39e90264f33305004495a9","hash":"ae0a56e99255770a028f978a6254276a27e48ea9"}
,"C:\\www\\node\\divly\\models\\user.js": {"path":"C:\\www\\node\\divly\\models\\user.js","statementMap":{"0":{"start":{"line":2,"column":17},"end":{"line":2,"column":36}},"1":{"start":{"line":3,"column":12},"end":{"line":3,"column":35}},"2":{"start":{"line":4,"column":15},"end":{"line":4,"column":32}},"3":{"start":{"line":6,"column":19},"end":{"line":34,"column":2}},"4":{"start":{"line":36,"column":0},"end":{"line":39,"column":1}},"5":{"start":{"line":37,"column":18},"end":{"line":37,"column":97}},"6":{"start":{"line":38,"column":4},"end":{"line":38,"column":17}},"7":{"start":{"line":41,"column":13},"end":{"line":41,"column":47}},"8":{"start":{"line":43,"column":0},"end":{"line":43,"column":27}}},"fnMap":{"0":{"name":"(anonymous_0)","decl":{"start":{"line":36,"column":30},"end":{"line":36,"column":31}},"loc":{"start":{"line":36,"column":42},"end":{"line":39,"column":1}},"line":36}},"branchMap":{},"s":{"0":6,"1":6,"2":6,"3":6,"4":6,"5":21,"6":21,"7":6,"8":6},"f":{"0":21},"b":{},"_coverageSchema":"1a1c01bbd47fc00a2c39e90264f33305004495a9","hash":"ed7b9515fa54d9a19791771f4fec80d33c8b7908"}
,"C:\\www\\node\\divly\\router\\auth.js": {"path":"C:\\www\\node\\divly\\router\\auth.js","statementMap":{"0":{"start":{"line":3,"column":16},"end":{"line":3,"column":34}},"1":{"start":{"line":4,"column":17},"end":{"line":4,"column":45}},"2":{"start":{"line":5,"column":15},"end":{"line":5,"column":32}},"3":{"start":{"line":6,"column":12},"end":{"line":6,"column":28}},"4":{"start":{"line":10,"column":0},"end":{"line":21,"column":3}},"5":{"start":{"line":12,"column":15},"end":{"line":12,"column":60}},"6":{"start":{"line":13,"column":4},"end":{"line":13,"column":87}},"7":{"start":{"line":13,"column":29},"end":{"line":13,"column":87}},"8":{"start":{"line":15,"column":26},"end":{"line":15,"column":80}},"9":{"start":{"line":16,"column":4},"end":{"line":16,"column":82}},"10":{"start":{"line":16,"column":24},"end":{"line":16,"column":82}},"11":{"start":{"line":18,"column":18},"end":{"line":18,"column":33}},"12":{"start":{"line":19,"column":4},"end":{"line":19,"column":22}},"13":{"start":{"line":20,"column":4},"end":{"line":20,"column":118}},"14":{"start":{"line":23,"column":0},"end":{"line":23,"column":21}}},"fnMap":{"0":{"name":"(anonymous_0)","decl":{"start":{"line":10,"column":19},"end":{"line":10,"column":20}},"loc":{"start":{"line":10,"column":39},"end":{"line":21,"column":1}},"line":10}},"branchMap":{"0":{"loc":{"start":{"line":13,"column":4},"end":{"line":13,"column":87}},"type":"if","locations":[{"start":{"line":13,"column":4},"end":{"line":13,"column":87}},{"start":{},"end":{}}],"line":13},"1":{"loc":{"start":{"line":13,"column":8},"end":{"line":13,"column":27}},"type":"binary-expr","locations":[{"start":{"line":13,"column":8},"end":{"line":13,"column":13}},{"start":{"line":13,"column":17},"end":{"line":13,"column":27}}],"line":13},"2":{"loc":{"start":{"line":16,"column":4},"end":{"line":16,"column":82}},"type":"if","locations":[{"start":{"line":16,"column":4},"end":{"line":16,"column":82}},{"start":{},"end":{}}],"line":16}},"s":{"0":4,"1":4,"2":4,"3":4,"4":4,"5":0,"6":0,"7":0,"8":0,"9":0,"10":0,"11":0,"12":0,"13":0,"14":4},"f":{"0":0},"b":{"0":[0,0],"1":[0,0],"2":[0,0]},"_coverageSchema":"1a1c01bbd47fc00a2c39e90264f33305004495a9","hash":"17ddda601c9c74428550fe61da481ae7e1b2ee14"}
,"C:\\www\\node\\divly\\router\\costumer-router.js": {"path":"C:\\www\\node\\divly\\router\\costumer-router.js","statementMap":{"0":{"start":{"line":2,"column":16},"end":{"line":2,"column":34}},"1":{"start":{"line":3,"column":15},"end":{"line":3,"column":31}},"2":{"start":{"line":5,"column":21},"end":{"line":5,"column":53}},"3":{"start":{"line":8,"column":0},"end":{"line":12,"column":3}},"4":{"start":{"line":10,"column":22},"end":{"line":10,"column":43}},"5":{"start":{"line":11,"column":4},"end":{"line":11,"column":43}},"6":{"start":{"line":16,"column":0},"end":{"line":22,"column":3}},"7":{"start":{"line":18,"column":18},"end":{"line":18,"column":68}},"8":{"start":{"line":19,"column":4},"end":{"line":19,"column":101}},"9":{"start":{"line":19,"column":31},"end":{"line":19,"column":101}},"10":{"start":{"line":21,"column":4},"end":{"line":21,"column":39}},"11":{"start":{"line":26,"column":0},"end":{"line":43,"column":3}},"12":{"start":{"line":28,"column":21},"end":{"line":28,"column":35}},"13":{"start":{"line":30,"column":4},"end":{"line":30,"column":34}},"14":{"start":{"line":31,"column":4},"end":{"line":31,"column":36}},"15":{"start":{"line":32,"column":4},"end":{"line":32,"column":38}},"16":{"start":{"line":35,"column":4},"end":{"line":35,"column":19}},"17":{"start":{"line":37,"column":4},"end":{"line":37,"column":106}},"18":{"start":{"line":37,"column":37},"end":{"line":37,"column":106}},"19":{"start":{"line":39,"column":4},"end":{"line":42,"column":7}},"20":{"start":{"line":47,"column":0},"end":{"line":64,"column":3}},"21":{"start":{"line":49,"column":4},"end":{"line":63,"column":7}},"22":{"start":{"line":56,"column":8},"end":{"line":56,"column":87}},"23":{"start":{"line":56,"column":17},"end":{"line":56,"column":87}},"24":{"start":{"line":57,"column":8},"end":{"line":57,"column":81}},"25":{"start":{"line":57,"column":33},"end":{"line":57,"column":81}},"26":{"start":{"line":59,"column":8},"end":{"line":62,"column":11}},"27":{"start":{"line":68,"column":0},"end":{"line":79,"column":3}},"28":{"start":{"line":70,"column":4},"end":{"line":78,"column":7}},"29":{"start":{"line":71,"column":8},"end":{"line":71,"column":87}},"30":{"start":{"line":71,"column":17},"end":{"line":71,"column":87}},"31":{"start":{"line":72,"column":8},"end":{"line":72,"column":81}},"32":{"start":{"line":72,"column":33},"end":{"line":72,"column":81}},"33":{"start":{"line":74,"column":8},"end":{"line":77,"column":11}},"34":{"start":{"line":81,"column":0},"end":{"line":81,"column":24}}},"fnMap":{"0":{"name":"(anonymous_0)","decl":{"start":{"line":8,"column":31},"end":{"line":8,"column":32}},"loc":{"start":{"line":8,"column":51},"end":{"line":12,"column":1}},"line":8},"1":{"name":"(anonymous_1)","decl":{"start":{"line":16,"column":34},"end":{"line":16,"column":35}},"loc":{"start":{"line":16,"column":54},"end":{"line":22,"column":1}},"line":16},"2":{"name":"(anonymous_2)","decl":{"start":{"line":26,"column":35},"end":{"line":26,"column":36}},"loc":{"start":{"line":26,"column":55},"end":{"line":43,"column":1}},"line":26},"3":{"name":"(anonymous_3)","decl":{"start":{"line":47,"column":41},"end":{"line":47,"column":42}},"loc":{"start":{"line":47,"column":55},"end":{"line":64,"column":1}},"line":47},"4":{"name":"(anonymous_4)","decl":{"start":{"line":55,"column":22},"end":{"line":55,"column":23}},"loc":{"start":{"line":55,"column":37},"end":{"line":63,"column":5}},"line":55},"5":{"name":"(anonymous_5)","decl":{"start":{"line":68,"column":44},"end":{"line":68,"column":45}},"loc":{"start":{"line":68,"column":58},"end":{"line":79,"column":1}},"line":68},"6":{"name":"(anonymous_6)","decl":{"start":{"line":70,"column":47},"end":{"line":70,"column":48}},"loc":{"start":{"line":70,"column":62},"end":{"line":78,"column":5}},"line":70}},"branchMap":{"0":{"loc":{"start":{"line":19,"column":4},"end":{"line":19,"column":101}},"type":"if","locations":[{"start":{"line":19,"column":4},"end":{"line":19,"column":101}},{"start":{},"end":{}}],"line":19},"1":{"loc":{"start":{"line":19,"column":8},"end":{"line":19,"column":29}},"type":"binary-expr","locations":[{"start":{"line":19,"column":8},"end":{"line":19,"column":14}},{"start":{"line":19,"column":18},"end":{"line":19,"column":29}}],"line":19},"2":{"loc":{"start":{"line":37,"column":4},"end":{"line":37,"column":106}},"type":"if","locations":[{"start":{"line":37,"column":4},"end":{"line":37,"column":106}},{"start":{},"end":{}}],"line":37},"3":{"loc":{"start":{"line":37,"column":8},"end":{"line":37,"column":35}},"type":"binary-expr","locations":[{"start":{"line":37,"column":8},"end":{"line":37,"column":17}},{"start":{"line":37,"column":21},"end":{"line":37,"column":35}}],"line":37},"4":{"loc":{"start":{"line":56,"column":8},"end":{"line":56,"column":87}},"type":"if","locations":[{"start":{"line":56,"column":8},"end":{"line":56,"column":87}},{"start":{},"end":{}}],"line":56},"5":{"loc":{"start":{"line":57,"column":8},"end":{"line":57,"column":81}},"type":"if","locations":[{"start":{"line":57,"column":8},"end":{"line":57,"column":81}},{"start":{},"end":{}}],"line":57},"6":{"loc":{"start":{"line":57,"column":12},"end":{"line":57,"column":31}},"type":"binary-expr","locations":[{"start":{"line":57,"column":12},"end":{"line":57,"column":17}},{"start":{"line":57,"column":21},"end":{"line":57,"column":31}}],"line":57},"7":{"loc":{"start":{"line":71,"column":8},"end":{"line":71,"column":87}},"type":"if","locations":[{"start":{"line":71,"column":8},"end":{"line":71,"column":87}},{"start":{},"end":{}}],"line":71},"8":{"loc":{"start":{"line":72,"column":8},"end":{"line":72,"column":81}},"type":"if","locations":[{"start":{"line":72,"column":8},"end":{"line":72,"column":81}},{"start":{},"end":{}}],"line":72},"9":{"loc":{"start":{"line":72,"column":12},"end":{"line":72,"column":31}},"type":"binary-expr","locations":[{"start":{"line":72,"column":12},"end":{"line":72,"column":17}},{"start":{"line":72,"column":21},"end":{"line":72,"column":31}}],"line":72}},"s":{"0":4,"1":4,"2":4,"3":4,"4":0,"5":0,"6":4,"7":0,"8":0,"9":0,"10":0,"11":4,"12":0,"13":0,"14":0,"15":0,"16":0,"17":0,"18":0,"19":0,"20":4,"21":0,"22":0,"23":0,"24":0,"25":0,"26":0,"27":4,"28":0,"29":0,"30":0,"31":0,"32":0,"33":0,"34":4},"f":{"0":0,"1":0,"2":0,"3":0,"4":0,"5":0,"6":0},"b":{"0":[0,0],"1":[0,0],"2":[0,0],"3":[0,0],"4":[0,0],"5":[0,0],"6":[0,0],"7":[0,0],"8":[0,0],"9":[0,0]},"_coverageSchema":"1a1c01bbd47fc00a2c39e90264f33305004495a9","hash":"2d380f81a34218bcf37314c28ec6df9245c46e88"}
,"C:\\www\\node\\divly\\router\\movies.js": {"path":"C:\\www\\node\\divly\\router\\movies.js","statementMap":{"0":{"start":{"line":2,"column":16},"end":{"line":2,"column":34}},"1":{"start":{"line":3,"column":15},"end":{"line":3,"column":31}},"2":{"start":{"line":7,"column":18},"end":{"line":7,"column":47}},"3":{"start":{"line":8,"column":18},"end":{"line":8,"column":47}},"4":{"start":{"line":12,"column":0},"end":{"line":19,"column":3}},"5":{"start":{"line":14,"column":21},"end":{"line":14,"column":39}},"6":{"start":{"line":16,"column":4},"end":{"line":16,"column":89}},"7":{"start":{"line":16,"column":37},"end":{"line":16,"column":89}},"8":{"start":{"line":18,"column":4},"end":{"line":18,"column":42}},"9":{"start":{"line":23,"column":0},"end":{"line":29,"column":3}},"10":{"start":{"line":25,"column":18},"end":{"line":25,"column":65}},"11":{"start":{"line":26,"column":4},"end":{"line":26,"column":101}},"12":{"start":{"line":26,"column":31},"end":{"line":26,"column":101}},"13":{"start":{"line":28,"column":4},"end":{"line":28,"column":39}},"14":{"start":{"line":33,"column":0},"end":{"line":59,"column":3}},"15":{"start":{"line":38,"column":18},"end":{"line":38,"column":56}},"16":{"start":{"line":39,"column":4},"end":{"line":39,"column":87}},"17":{"start":{"line":39,"column":31},"end":{"line":39,"column":87}},"18":{"start":{"line":41,"column":18},"end":{"line":49,"column":6}},"19":{"start":{"line":51,"column":4},"end":{"line":51,"column":97}},"20":{"start":{"line":51,"column":31},"end":{"line":51,"column":97}},"21":{"start":{"line":53,"column":4},"end":{"line":53,"column":17}},"22":{"start":{"line":55,"column":4},"end":{"line":58,"column":7}},"23":{"start":{"line":63,"column":0},"end":{"line":81,"column":3}},"24":{"start":{"line":65,"column":4},"end":{"line":80,"column":7}},"25":{"start":{"line":73,"column":8},"end":{"line":73,"column":84}},"26":{"start":{"line":73,"column":17},"end":{"line":73,"column":84}},"27":{"start":{"line":74,"column":8},"end":{"line":74,"column":81}},"28":{"start":{"line":74,"column":33},"end":{"line":74,"column":81}},"29":{"start":{"line":76,"column":8},"end":{"line":79,"column":11}},"30":{"start":{"line":85,"column":0},"end":{"line":96,"column":3}},"31":{"start":{"line":87,"column":4},"end":{"line":95,"column":7}},"32":{"start":{"line":88,"column":8},"end":{"line":88,"column":84}},"33":{"start":{"line":88,"column":17},"end":{"line":88,"column":84}},"34":{"start":{"line":89,"column":8},"end":{"line":89,"column":81}},"35":{"start":{"line":89,"column":33},"end":{"line":89,"column":81}},"36":{"start":{"line":91,"column":8},"end":{"line":94,"column":11}},"37":{"start":{"line":98,"column":0},"end":{"line":98,"column":24}}},"fnMap":{"0":{"name":"(anonymous_0)","decl":{"start":{"line":12,"column":28},"end":{"line":12,"column":29}},"loc":{"start":{"line":12,"column":48},"end":{"line":19,"column":1}},"line":12},"1":{"name":"(anonymous_1)","decl":{"start":{"line":23,"column":31},"end":{"line":23,"column":32}},"loc":{"start":{"line":23,"column":51},"end":{"line":29,"column":1}},"line":23},"2":{"name":"(anonymous_2)","decl":{"start":{"line":33,"column":32},"end":{"line":33,"column":33}},"loc":{"start":{"line":33,"column":52},"end":{"line":59,"column":1}},"line":33},"3":{"name":"(anonymous_3)","decl":{"start":{"line":63,"column":38},"end":{"line":63,"column":39}},"loc":{"start":{"line":63,"column":52},"end":{"line":81,"column":1}},"line":63},"4":{"name":"(anonymous_4)","decl":{"start":{"line":72,"column":22},"end":{"line":72,"column":23}},"loc":{"start":{"line":72,"column":37},"end":{"line":80,"column":5}},"line":72},"5":{"name":"(anonymous_5)","decl":{"start":{"line":85,"column":44},"end":{"line":85,"column":45}},"loc":{"start":{"line":85,"column":58},"end":{"line":96,"column":1}},"line":85},"6":{"name":"(anonymous_6)","decl":{"start":{"line":87,"column":44},"end":{"line":87,"column":45}},"loc":{"start":{"line":87,"column":59},"end":{"line":95,"column":5}},"line":87}},"branchMap":{"0":{"loc":{"start":{"line":16,"column":4},"end":{"line":16,"column":89}},"type":"if","locations":[{"start":{"line":16,"column":4},"end":{"line":16,"column":89}},{"start":{},"end":{}}],"line":16},"1":{"loc":{"start":{"line":16,"column":8},"end":{"line":16,"column":35}},"type":"binary-expr","locations":[{"start":{"line":16,"column":8},"end":{"line":16,"column":17}},{"start":{"line":16,"column":21},"end":{"line":16,"column":35}}],"line":16},"2":{"loc":{"start":{"line":26,"column":4},"end":{"line":26,"column":101}},"type":"if","locations":[{"start":{"line":26,"column":4},"end":{"line":26,"column":101}},{"start":{},"end":{}}],"line":26},"3":{"loc":{"start":{"line":26,"column":8},"end":{"line":26,"column":29}},"type":"binary-expr","locations":[{"start":{"line":26,"column":8},"end":{"line":26,"column":14}},{"start":{"line":26,"column":18},"end":{"line":26,"column":29}}],"line":26},"4":{"loc":{"start":{"line":39,"column":4},"end":{"line":39,"column":87}},"type":"if","locations":[{"start":{"line":39,"column":4},"end":{"line":39,"column":87}},{"start":{},"end":{}}],"line":39},"5":{"loc":{"start":{"line":39,"column":8},"end":{"line":39,"column":29}},"type":"binary-expr","locations":[{"start":{"line":39,"column":8},"end":{"line":39,"column":14}},{"start":{"line":39,"column":18},"end":{"line":39,"column":29}}],"line":39},"6":{"loc":{"start":{"line":51,"column":4},"end":{"line":51,"column":97}},"type":"if","locations":[{"start":{"line":51,"column":4},"end":{"line":51,"column":97}},{"start":{},"end":{}}],"line":51},"7":{"loc":{"start":{"line":51,"column":8},"end":{"line":51,"column":29}},"type":"binary-expr","locations":[{"start":{"line":51,"column":8},"end":{"line":51,"column":14}},{"start":{"line":51,"column":18},"end":{"line":51,"column":29}}],"line":51},"8":{"loc":{"start":{"line":73,"column":8},"end":{"line":73,"column":84}},"type":"if","locations":[{"start":{"line":73,"column":8},"end":{"line":73,"column":84}},{"start":{},"end":{}}],"line":73},"9":{"loc":{"start":{"line":74,"column":8},"end":{"line":74,"column":81}},"type":"if","locations":[{"start":{"line":74,"column":8},"end":{"line":74,"column":81}},{"start":{},"end":{}}],"line":74},"10":{"loc":{"start":{"line":74,"column":12},"end":{"line":74,"column":31}},"type":"binary-expr","locations":[{"start":{"line":74,"column":12},"end":{"line":74,"column":17}},{"start":{"line":74,"column":21},"end":{"line":74,"column":31}}],"line":74},"11":{"loc":{"start":{"line":88,"column":8},"end":{"line":88,"column":84}},"type":"if","locations":[{"start":{"line":88,"column":8},"end":{"line":88,"column":84}},{"start":{},"end":{}}],"line":88},"12":{"loc":{"start":{"line":89,"column":8},"end":{"line":89,"column":81}},"type":"if","locations":[{"start":{"line":89,"column":8},"end":{"line":89,"column":81}},{"start":{},"end":{}}],"line":89},"13":{"loc":{"start":{"line":89,"column":12},"end":{"line":89,"column":31}},"type":"binary-expr","locations":[{"start":{"line":89,"column":12},"end":{"line":89,"column":17}},{"start":{"line":89,"column":21},"end":{"line":89,"column":31}}],"line":89}},"s":{"0":4,"1":4,"2":4,"3":4,"4":4,"5":0,"6":0,"7":0,"8":0,"9":4,"10":0,"11":0,"12":0,"13":0,"14":4,"15":0,"16":0,"17":0,"18":0,"19":0,"20":0,"21":0,"22":0,"23":4,"24":0,"25":0,"26":0,"27":0,"28":0,"29":0,"30":4,"31":0,"32":0,"33":0,"34":0,"35":0,"36":0,"37":4},"f":{"0":0,"1":0,"2":0,"3":0,"4":0,"5":0,"6":0},"b":{"0":[0,0],"1":[0,0],"2":[0,0],"3":[0,0],"4":[0,0],"5":[0,0],"6":[0,0],"7":[0,0],"8":[0,0],"9":[0,0],"10":[0,0],"11":[0,0],"12":[0,0],"13":[0,0]},"_coverageSchema":"1a1c01bbd47fc00a2c39e90264f33305004495a9","hash":"a2bb04cc8e3aef3d1a29dce517cd766ed03375db"}
,"C:\\www\\node\\divly\\router\\rentals.js": {"path":"C:\\www\\node\\divly\\router\\rentals.js","statementMap":{"0":{"start":{"line":2,"column":12},"end":{"line":2,"column":35}},"1":{"start":{"line":3,"column":13},"end":{"line":3,"column":45}},"2":{"start":{"line":4,"column":16},"end":{"line":4,"column":34}},"3":{"start":{"line":5,"column":15},"end":{"line":5,"column":31}},"4":{"start":{"line":6,"column":13},"end":{"line":6,"column":28}},"5":{"start":{"line":10,"column":19},"end":{"line":10,"column":49}},"6":{"start":{"line":14,"column":18},"end":{"line":14,"column":44}},"7":{"start":{"line":15,"column":21},"end":{"line":15,"column":50}},"8":{"start":{"line":17,"column":0},"end":{"line":17,"column":39}},"9":{"start":{"line":19,"column":0},"end":{"line":60,"column":3}},"10":{"start":{"line":21,"column":22},"end":{"line":21,"column":36}},"11":{"start":{"line":22,"column":4},"end":{"line":22,"column":74}},"12":{"start":{"line":22,"column":15},"end":{"line":22,"column":74}},"13":{"start":{"line":24,"column":21},"end":{"line":24,"column":65}},"14":{"start":{"line":25,"column":4},"end":{"line":25,"column":107}},"15":{"start":{"line":25,"column":37},"end":{"line":25,"column":107}},"16":{"start":{"line":27,"column":18},"end":{"line":27,"column":56}},"17":{"start":{"line":28,"column":4},"end":{"line":28,"column":98}},"18":{"start":{"line":28,"column":31},"end":{"line":28,"column":98}},"19":{"start":{"line":30,"column":17},"end":{"line":41,"column":6}},"20":{"start":{"line":43,"column":4},"end":{"line":59,"column":5}},"21":{"start":{"line":45,"column":8},"end":{"line":50,"column":19}},"22":{"start":{"line":52,"column":8},"end":{"line":55,"column":11}},"23":{"start":{"line":58,"column":8},"end":{"line":58,"column":24}},"24":{"start":{"line":62,"column":0},"end":{"line":71,"column":2}},"25":{"start":{"line":63,"column":20},"end":{"line":63,"column":39}},"26":{"start":{"line":65,"column":4},"end":{"line":65,"column":94}},"27":{"start":{"line":65,"column":35},"end":{"line":65,"column":94}},"28":{"start":{"line":67,"column":4},"end":{"line":70,"column":7}},"29":{"start":{"line":73,"column":0},"end":{"line":73,"column":24}}},"fnMap":{"0":{"name":"(anonymous_0)","decl":{"start":{"line":19,"column":39},"end":{"line":19,"column":40}},"loc":{"start":{"line":19,"column":59},"end":{"line":60,"column":1}},"line":19},"1":{"name":"(anonymous_1)","decl":{"start":{"line":62,"column":29},"end":{"line":62,"column":30}},"loc":{"start":{"line":62,"column":49},"end":{"line":71,"column":1}},"line":62}},"branchMap":{"0":{"loc":{"start":{"line":22,"column":4},"end":{"line":22,"column":74}},"type":"if","locations":[{"start":{"line":22,"column":4},"end":{"line":22,"column":74}},{"start":{},"end":{}}],"line":22},"1":{"loc":{"start":{"line":25,"column":4},"end":{"line":25,"column":107}},"type":"if","locations":[{"start":{"line":25,"column":4},"end":{"line":25,"column":107}},{"start":{},"end":{}}],"line":25},"2":{"loc":{"start":{"line":25,"column":8},"end":{"line":25,"column":35}},"type":"binary-expr","locations":[{"start":{"line":25,"column":8},"end":{"line":25,"column":17}},{"start":{"line":25,"column":21},"end":{"line":25,"column":35}}],"line":25},"3":{"loc":{"start":{"line":28,"column":4},"end":{"line":28,"column":98}},"type":"if","locations":[{"start":{"line":28,"column":4},"end":{"line":28,"column":98}},{"start":{},"end":{}}],"line":28},"4":{"loc":{"start":{"line":28,"column":8},"end":{"line":28,"column":29}},"type":"binary-expr","locations":[{"start":{"line":28,"column":8},"end":{"line":28,"column":14}},{"start":{"line":28,"column":18},"end":{"line":28,"column":29}}],"line":28},"5":{"loc":{"start":{"line":65,"column":4},"end":{"line":65,"column":94}},"type":"if","locations":[{"start":{"line":65,"column":4},"end":{"line":65,"column":94}},{"start":{},"end":{}}],"line":65},"6":{"loc":{"start":{"line":65,"column":8},"end":{"line":65,"column":33}},"type":"binary-expr","locations":[{"start":{"line":65,"column":8},"end":{"line":65,"column":16}},{"start":{"line":65,"column":20},"end":{"line":65,"column":33}}],"line":65}},"s":{"0":4,"1":4,"2":4,"3":4,"4":4,"5":4,"6":4,"7":4,"8":4,"9":4,"10":0,"11":0,"12":0,"13":0,"14":0,"15":0,"16":0,"17":0,"18":0,"19":0,"20":0,"21":0,"22":0,"23":0,"24":4,"25":0,"26":0,"27":0,"28":0,"29":4},"f":{"0":0,"1":0},"b":{"0":[0,0],"1":[0,0],"2":[0,0],"3":[0,0],"4":[0,0],"5":[0,0],"6":[0,0]},"_coverageSchema":"1a1c01bbd47fc00a2c39e90264f33305004495a9","hash":"2a2cd1ce4480d79fe39a2e7a486aae6911371ce5"}
,"C:\\www\\node\\divly\\router\\returns.js": {"path":"C:\\www\\node\\divly\\router\\returns.js","statementMap":{"0":{"start":{"line":2,"column":16},"end":{"line":2,"column":34}},"1":{"start":{"line":3,"column":15},"end":{"line":3,"column":32}},"2":{"start":{"line":4,"column":15},"end":{"line":4,"column":31}},"3":{"start":{"line":5,"column":13},"end":{"line":5,"column":42}},"4":{"start":{"line":6,"column":19},"end":{"line":6,"column":46}},"5":{"start":{"line":7,"column":18},"end":{"line":7,"column":44}},"6":{"start":{"line":9,"column":0},"end":{"line":29,"column":3}},"7":{"start":{"line":10,"column":4},"end":{"line":10,"column":84}},"8":{"start":{"line":10,"column":29},"end":{"line":10,"column":84}},"9":{"start":{"line":11,"column":4},"end":{"line":11,"column":78}},"10":{"start":{"line":11,"column":26},"end":{"line":11,"column":78}},"11":{"start":{"line":13,"column":19},"end":{"line":13,"column":77}},"12":{"start":{"line":15,"column":4},"end":{"line":15,"column":90}},"13":{"start":{"line":15,"column":33},"end":{"line":15,"column":90}},"14":{"start":{"line":17,"column":4},"end":{"line":17,"column":83}},"15":{"start":{"line":17,"column":29},"end":{"line":17,"column":83}},"16":{"start":{"line":19,"column":4},"end":{"line":19,"column":37}},"17":{"start":{"line":20,"column":4},"end":{"line":20,"column":91}},"18":{"start":{"line":21,"column":4},"end":{"line":21,"column":18}},"19":{"start":{"line":23,"column":18},"end":{"line":23,"column":56}},"20":{"start":{"line":24,"column":4},"end":{"line":24,"column":50}},"21":{"start":{"line":25,"column":4},"end":{"line":25,"column":48}},"22":{"start":{"line":26,"column":4},"end":{"line":26,"column":17}},"23":{"start":{"line":28,"column":4},"end":{"line":28,"column":50}},"24":{"start":{"line":31,"column":0},"end":{"line":31,"column":24}}},"fnMap":{"0":{"name":"(anonymous_0)","decl":{"start":{"line":9,"column":36},"end":{"line":9,"column":37}},"loc":{"start":{"line":9,"column":54},"end":{"line":29,"column":1}},"line":9}},"branchMap":{"0":{"loc":{"start":{"line":10,"column":4},"end":{"line":10,"column":84}},"type":"if","locations":[{"start":{"line":10,"column":4},"end":{"line":10,"column":84}},{"start":{},"end":{}}],"line":10},"1":{"loc":{"start":{"line":11,"column":4},"end":{"line":11,"column":78}},"type":"if","locations":[{"start":{"line":11,"column":4},"end":{"line":11,"column":78}},{"start":{},"end":{}}],"line":11},"2":{"loc":{"start":{"line":15,"column":4},"end":{"line":15,"column":90}},"type":"if","locations":[{"start":{"line":15,"column":4},"end":{"line":15,"column":90}},{"start":{},"end":{}}],"line":15},"3":{"loc":{"start":{"line":15,"column":8},"end":{"line":15,"column":31}},"type":"binary-expr","locations":[{"start":{"line":15,"column":8},"end":{"line":15,"column":15}},{"start":{"line":15,"column":19},"end":{"line":15,"column":31}}],"line":15},"4":{"loc":{"start":{"line":17,"column":4},"end":{"line":17,"column":83}},"type":"if","locations":[{"start":{"line":17,"column":4},"end":{"line":17,"column":83}},{"start":{},"end":{}}],"line":17}},"s":{"0":4,"1":4,"2":4,"3":4,"4":4,"5":4,"6":4,"7":8,"8":1,"9":7,"10":1,"11":6,"12":6,"13":1,"14":5,"15":1,"16":4,"17":4,"18":4,"19":4,"20":4,"21":4,"22":4,"23":4,"24":4},"f":{"0":8},"b":{"0":[1,7],"1":[1,6],"2":[1,5],"3":[6,5],"4":[1,4]},"_coverageSchema":"1a1c01bbd47fc00a2c39e90264f33305004495a9","hash":"24970ec5dd2914c01080456c9c1bfb0e2deba660"}
,"C:\\www\\node\\divly\\router\\router.js": {"path":"C:\\www\\node\\divly\\router\\router.js","statementMap":{"0":{"start":{"line":2,"column":21},"end":{"line":2,"column":51}},"1":{"start":{"line":3,"column":21},"end":{"line":3,"column":38}},"2":{"start":{"line":4,"column":16},"end":{"line":4,"column":34}},"3":{"start":{"line":5,"column":16},"end":{"line":5,"column":34}},"4":{"start":{"line":6,"column":14},"end":{"line":6,"column":47}},"5":{"start":{"line":7,"column":13},"end":{"line":7,"column":45}},"6":{"start":{"line":8,"column":15},"end":{"line":8,"column":31}},"7":{"start":{"line":10,"column":18},"end":{"line":10,"column":47}},"8":{"start":{"line":14,"column":0},"end":{"line":21,"column":4}},"9":{"start":{"line":16,"column":19},"end":{"line":16,"column":37}},"10":{"start":{"line":17,"column":4},"end":{"line":17,"column":80}},"11":{"start":{"line":17,"column":33},"end":{"line":17,"column":80}},"12":{"start":{"line":19,"column":4},"end":{"line":19,"column":39}},"13":{"start":{"line":20,"column":4},"end":{"line":20,"column":40}},"14":{"start":{"line":25,"column":0},"end":{"line":31,"column":4}},"15":{"start":{"line":27,"column":18},"end":{"line":27,"column":43}},"16":{"start":{"line":28,"column":4},"end":{"line":28,"column":98}},"17":{"start":{"line":28,"column":31},"end":{"line":28,"column":98}},"18":{"start":{"line":30,"column":4},"end":{"line":30,"column":39}},"19":{"start":{"line":35,"column":0},"end":{"line":48,"column":3}},"20":{"start":{"line":37,"column":4},"end":{"line":37,"column":98}},"21":{"start":{"line":37,"column":49},"end":{"line":37,"column":98}},"22":{"start":{"line":39,"column":18},"end":{"line":41,"column":6}},"23":{"start":{"line":43,"column":4},"end":{"line":43,"column":105}},"24":{"start":{"line":43,"column":32},"end":{"line":43,"column":105}},"25":{"start":{"line":44,"column":4},"end":{"line":44,"column":83}},"26":{"start":{"line":44,"column":33},"end":{"line":44,"column":83}},"27":{"start":{"line":46,"column":4},"end":{"line":46,"column":17}},"28":{"start":{"line":47,"column":4},"end":{"line":47,"column":47}},"29":{"start":{"line":52,"column":0},"end":{"line":61,"column":3}},"30":{"start":{"line":53,"column":4},"end":{"line":53,"column":111}},"31":{"start":{"line":53,"column":49},"end":{"line":53,"column":111}},"32":{"start":{"line":54,"column":21},"end":{"line":54,"column":63}},"33":{"start":{"line":56,"column":4},"end":{"line":56,"column":85}},"34":{"start":{"line":56,"column":37},"end":{"line":56,"column":85}},"35":{"start":{"line":58,"column":4},"end":{"line":58,"column":35}},"36":{"start":{"line":59,"column":4},"end":{"line":59,"column":20}},"37":{"start":{"line":60,"column":4},"end":{"line":60,"column":48}},"38":{"start":{"line":65,"column":0},"end":{"line":71,"column":4}},"39":{"start":{"line":67,"column":21},"end":{"line":67,"column":63}},"40":{"start":{"line":68,"column":4},"end":{"line":68,"column":85}},"41":{"start":{"line":68,"column":37},"end":{"line":68,"column":85}},"42":{"start":{"line":69,"column":4},"end":{"line":69,"column":22}},"43":{"start":{"line":70,"column":4},"end":{"line":70,"column":49}},"44":{"start":{"line":73,"column":0},"end":{"line":73,"column":24}}},"fnMap":{"0":{"name":"(anonymous_0)","decl":{"start":{"line":14,"column":41},"end":{"line":14,"column":42}},"loc":{"start":{"line":14,"column":61},"end":{"line":21,"column":1}},"line":14},"1":{"name":"(anonymous_1)","decl":{"start":{"line":25,"column":45},"end":{"line":25,"column":46}},"loc":{"start":{"line":25,"column":65},"end":{"line":31,"column":1}},"line":25},"2":{"name":"(anonymous_2)","decl":{"start":{"line":35,"column":47},"end":{"line":35,"column":48}},"loc":{"start":{"line":35,"column":67},"end":{"line":48,"column":1}},"line":35},"3":{"name":"(anonymous_3)","decl":{"start":{"line":52,"column":54},"end":{"line":52,"column":55}},"loc":{"start":{"line":52,"column":74},"end":{"line":61,"column":1}},"line":52},"4":{"name":"(anonymous_4)","decl":{"start":{"line":65,"column":70},"end":{"line":65,"column":71}},"loc":{"start":{"line":65,"column":90},"end":{"line":71,"column":1}},"line":65}},"branchMap":{"0":{"loc":{"start":{"line":17,"column":4},"end":{"line":17,"column":80}},"type":"if","locations":[{"start":{"line":17,"column":4},"end":{"line":17,"column":80}},{"start":{},"end":{}}],"line":17},"1":{"loc":{"start":{"line":17,"column":8},"end":{"line":17,"column":31}},"type":"binary-expr","locations":[{"start":{"line":17,"column":8},"end":{"line":17,"column":15}},{"start":{"line":17,"column":19},"end":{"line":17,"column":31}}],"line":17},"2":{"loc":{"start":{"line":28,"column":4},"end":{"line":28,"column":98}},"type":"if","locations":[{"start":{"line":28,"column":4},"end":{"line":28,"column":98}},{"start":{},"end":{}}],"line":28},"3":{"loc":{"start":{"line":28,"column":8},"end":{"line":28,"column":29}},"type":"binary-expr","locations":[{"start":{"line":28,"column":8},"end":{"line":28,"column":14}},{"start":{"line":28,"column":18},"end":{"line":28,"column":29}}],"line":28},"4":{"loc":{"start":{"line":37,"column":4},"end":{"line":37,"column":98}},"type":"if","locations":[{"start":{"line":37,"column":4},"end":{"line":37,"column":98}},{"start":{},"end":{}}],"line":37},"5":{"loc":{"start":{"line":37,"column":8},"end":{"line":37,"column":47}},"type":"binary-expr","locations":[{"start":{"line":37,"column":8},"end":{"line":37,"column":23}},{"start":{"line":37,"column":27},"end":{"line":37,"column":47}}],"line":37},"6":{"loc":{"start":{"line":43,"column":4},"end":{"line":43,"column":105}},"type":"if","locations":[{"start":{"line":43,"column":4},"end":{"line":43,"column":105}},{"start":{},"end":{}}],"line":43},"7":{"loc":{"start":{"line":44,"column":4},"end":{"line":44,"column":83}},"type":"if","locations":[{"start":{"line":44,"column":4},"end":{"line":44,"column":83}},{"start":{},"end":{}}],"line":44},"8":{"loc":{"start":{"line":53,"column":4},"end":{"line":53,"column":111}},"type":"if","locations":[{"start":{"line":53,"column":4},"end":{"line":53,"column":111}},{"start":{},"end":{}}],"line":53},"9":{"loc":{"start":{"line":53,"column":8},"end":{"line":53,"column":47}},"type":"binary-expr","locations":[{"start":{"line":53,"column":8},"end":{"line":53,"column":23}},{"start":{"line":53,"column":27},"end":{"line":53,"column":47}}],"line":53},"10":{"loc":{"start":{"line":56,"column":4},"end":{"line":56,"column":85}},"type":"if","locations":[{"start":{"line":56,"column":4},"end":{"line":56,"column":85}},{"start":{},"end":{}}],"line":56},"11":{"loc":{"start":{"line":56,"column":8},"end":{"line":56,"column":35}},"type":"binary-expr","locations":[{"start":{"line":56,"column":8},"end":{"line":56,"column":17}},{"start":{"line":56,"column":21},"end":{"line":56,"column":35}}],"line":56},"12":{"loc":{"start":{"line":68,"column":4},"end":{"line":68,"column":85}},"type":"if","locations":[{"start":{"line":68,"column":4},"end":{"line":68,"column":85}},{"start":{},"end":{}}],"line":68},"13":{"loc":{"start":{"line":68,"column":8},"end":{"line":68,"column":35}},"type":"binary-expr","locations":[{"start":{"line":68,"column":8},"end":{"line":68,"column":17}},{"start":{"line":68,"column":21},"end":{"line":68,"column":35}}],"line":68}},"s":{"0":4,"1":4,"2":4,"3":4,"4":4,"5":4,"6":4,"7":4,"8":4,"9":2,"10":2,"11":1,"12":1,"13":1,"14":4,"15":2,"16":2,"17":1,"18":1,"19":4,"20":4,"21":1,"22":3,"23":3,"24":1,"25":2,"26":1,"27":1,"28":1,"29":4,"30":3,"31":1,"32":2,"33":2,"34":1,"35":1,"36":1,"37":1,"38":4,"39":2,"40":2,"41":1,"42":1,"43":1,"44":4},"f":{"0":2,"1":2,"2":4,"3":3,"4":2},"b":{"0":[1,1],"1":[2,2],"2":[1,1],"3":[2,2],"4":[1,3],"5":[4,3],"6":[1,2],"7":[1,1],"8":[1,2],"9":[3,2],"10":[1,1],"11":[2,1],"12":[1,1],"13":[2,1]},"_coverageSchema":"1a1c01bbd47fc00a2c39e90264f33305004495a9","hash":"40d3d65464a9e8df343137e0edc142fbdac485af"}
,"C:\\www\\node\\divly\\router\\users.js": {"path":"C:\\www\\node\\divly\\router\\users.js","statementMap":{"0":{"start":{"line":2,"column":13},"end":{"line":2,"column":45}},"1":{"start":{"line":3,"column":16},"end":{"line":3,"column":34}},"2":{"start":{"line":4,"column":17},"end":{"line":4,"column":45}},"3":{"start":{"line":5,"column":10},"end":{"line":5,"column":27}},"4":{"start":{"line":6,"column":15},"end":{"line":6,"column":32}},"5":{"start":{"line":7,"column":12},"end":{"line":7,"column":28}},"6":{"start":{"line":11,"column":0},"end":{"line":39,"column":3}},"7":{"start":{"line":12,"column":17},"end":{"line":12,"column":25}},"8":{"start":{"line":14,"column":4},"end":{"line":14,"column":59}},"9":{"start":{"line":14,"column":15},"end":{"line":14,"column":59}},"10":{"start":{"line":15,"column":4},"end":{"line":15,"column":88}},"11":{"start":{"line":15,"column":39},"end":{"line":15,"column":88}},"12":{"start":{"line":17,"column":4},"end":{"line":17,"column":91}},"13":{"start":{"line":17,"column":41},"end":{"line":17,"column":91}},"14":{"start":{"line":18,"column":4},"end":{"line":18,"column":109}},"15":{"start":{"line":18,"column":34},"end":{"line":18,"column":109}},"16":{"start":{"line":19,"column":4},"end":{"line":19,"column":100}},"17":{"start":{"line":19,"column":47},"end":{"line":19,"column":100}},"18":{"start":{"line":21,"column":15},"end":{"line":21,"column":60}},"19":{"start":{"line":22,"column":4},"end":{"line":22,"column":83}},"20":{"start":{"line":22,"column":14},"end":{"line":22,"column":83}},"21":{"start":{"line":24,"column":4},"end":{"line":29,"column":7}},"22":{"start":{"line":31,"column":17},"end":{"line":31,"column":41}},"23":{"start":{"line":32,"column":4},"end":{"line":32,"column":59}},"24":{"start":{"line":34,"column":4},"end":{"line":34,"column":16}},"25":{"start":{"line":36,"column":18},"end":{"line":36,"column":33}},"26":{"start":{"line":38,"column":4},"end":{"line":38,"column":112}},"27":{"start":{"line":41,"column":0},"end":{"line":41,"column":21}}},"fnMap":{"0":{"name":"(anonymous_0)","decl":{"start":{"line":11,"column":28},"end":{"line":11,"column":29}},"loc":{"start":{"line":11,"column":48},"end":{"line":39,"column":1}},"line":11}},"branchMap":{"0":{"loc":{"start":{"line":14,"column":4},"end":{"line":14,"column":59}},"type":"if","locations":[{"start":{"line":14,"column":4},"end":{"line":14,"column":59}},{"start":{},"end":{}}],"line":14},"1":{"loc":{"start":{"line":15,"column":4},"end":{"line":15,"column":88}},"type":"if","locations":[{"start":{"line":15,"column":4},"end":{"line":15,"column":88}},{"start":{},"end":{}}],"line":15},"2":{"loc":{"start":{"line":15,"column":8},"end":{"line":15,"column":37}},"type":"binary-expr","locations":[{"start":{"line":15,"column":8},"end":{"line":15,"column":18}},{"start":{"line":15,"column":22},"end":{"line":15,"column":37}}],"line":15},"3":{"loc":{"start":{"line":17,"column":4},"end":{"line":17,"column":91}},"type":"if","locations":[{"start":{"line":17,"column":4},"end":{"line":17,"column":91}},{"start":{},"end":{}}],"line":17},"4":{"loc":{"start":{"line":17,"column":8},"end":{"line":17,"column":39}},"type":"binary-expr","locations":[{"start":{"line":17,"column":8},"end":{"line":17,"column":19}},{"start":{"line":17,"column":23},"end":{"line":17,"column":39}}],"line":17},"5":{"loc":{"start":{"line":18,"column":4},"end":{"line":18,"column":109}},"type":"if","locations":[{"start":{"line":18,"column":4},"end":{"line":18,"column":109}},{"start":{},"end":{}}],"line":18},"6":{"loc":{"start":{"line":19,"column":4},"end":{"line":19,"column":100}},"type":"if","locations":[{"start":{"line":19,"column":4},"end":{"line":19,"column":100}},{"start":{},"end":{}}],"line":19},"7":{"loc":{"start":{"line":19,"column":8},"end":{"line":19,"column":45}},"type":"binary-expr","locations":[{"start":{"line":19,"column":8},"end":{"line":19,"column":22}},{"start":{"line":19,"column":26},"end":{"line":19,"column":45}}],"line":19},"8":{"loc":{"start":{"line":22,"column":4},"end":{"line":22,"column":83}},"type":"if","locations":[{"start":{"line":22,"column":4},"end":{"line":22,"column":83}},{"start":{},"end":{}}],"line":22}},"s":{"0":4,"1":4,"2":4,"3":4,"4":4,"5":4,"6":4,"7":7,"8":7,"9":0,"10":7,"11":2,"12":5,"13":1,"14":4,"15":2,"16":2,"17":0,"18":2,"19":2,"20":1,"21":1,"22":1,"23":1,"24":1,"25":1,"26":1,"27":4},"f":{"0":7},"b":{"0":[0,7],"1":[2,5],"2":[7,5],"3":[1,4],"4":[5,4],"5":[2,2],"6":[0,2],"7":[2,2],"8":[1,1]},"_coverageSchema":"1a1c01bbd47fc00a2c39e90264f33305004495a9","hash":"3a9afa7f125ceeb347a4ce3cb68ce84f908a526c"}
,"C:\\www\\node\\divly\\startup\\db.js": {"path":"C:\\www\\node\\divly\\startup\\db.js","statementMap":{"0":{"start":{"line":2,"column":17},"end":{"line":2,"column":36}},"1":{"start":{"line":3,"column":16},"end":{"line":3,"column":34}},"2":{"start":{"line":4,"column":15},"end":{"line":4,"column":32}},"3":{"start":{"line":6,"column":0},"end":{"line":11,"column":1}},"4":{"start":{"line":8,"column":15},"end":{"line":8,"column":31}},"5":{"start":{"line":9,"column":4},"end":{"line":10,"column":59}},"6":{"start":{"line":10,"column":20},"end":{"line":10,"column":57}}},"fnMap":{"0":{"name":"(anonymous_0)","decl":{"start":{"line":6,"column":17},"end":{"line":6,"column":18}},"loc":{"start":{"line":6,"column":29},"end":{"line":11,"column":1}},"line":6},"1":{"name":"(anonymous_1)","decl":{"start":{"line":10,"column":14},"end":{"line":10,"column":15}},"loc":{"start":{"line":10,"column":20},"end":{"line":10,"column":57}},"line":10}},"branchMap":{},"s":{"0":4,"1":4,"2":4,"3":4,"4":4,"5":4,"6":4},"f":{"0":4,"1":4},"b":{},"_coverageSchema":"1a1c01bbd47fc00a2c39e90264f33305004495a9","hash":"ddfc09de242c5cfa4ee204e046956e236a0d98ec"}
,"C:\\www\\node\\divly\\startup\\essentialConfig.js": {"path":"C:\\www\\node\\divly\\startup\\essentialConfig.js","statementMap":{"0":{"start":{"line":2,"column":15},"end":{"line":2,"column":32}},"1":{"start":{"line":4,"column":0},"end":{"line":10,"column":1}},"2":{"start":{"line":5,"column":4},"end":{"line":8,"column":5}},"3":{"start":{"line":6,"column":8},"end":{"line":6,"column":63}},"4":{"start":{"line":7,"column":8},"end":{"line":7,"column":24}}},"fnMap":{"0":{"name":"(anonymous_0)","decl":{"start":{"line":4,"column":17},"end":{"line":4,"column":18}},"loc":{"start":{"line":4,"column":29},"end":{"line":10,"column":1}},"line":4}},"branchMap":{"0":{"loc":{"start":{"line":5,"column":4},"end":{"line":8,"column":5}},"type":"if","locations":[{"start":{"line":5,"column":4},"end":{"line":8,"column":5}},{"start":{},"end":{}}],"line":5},"1":{"loc":{"start":{"line":5,"column":8},"end":{"line":5,"column":73}},"type":"binary-expr","locations":[{"start":{"line":5,"column":8},"end":{"line":5,"column":36}},{"start":{"line":5,"column":40},"end":{"line":5,"column":73}}],"line":5}},"s":{"0":4,"1":4,"2":4,"3":0,"4":0},"f":{"0":4},"b":{"0":[0,4],"1":[4,4]},"_coverageSchema":"1a1c01bbd47fc00a2c39e90264f33305004495a9","hash":"ee3b85a5f392e0b0abf7496205eaccb2dd2b7ddb"}
,"C:\\www\\node\\divly\\startup\\logging.js": {"path":"C:\\www\\node\\divly\\startup\\logging.js","statementMap":{"0":{"start":{"line":2,"column":16},"end":{"line":2,"column":34}},"1":{"start":{"line":4,"column":0},"end":{"line":8,"column":1}},"2":{"start":{"line":6,"column":4},"end":{"line":6,"column":88}},"3":{"start":{"line":7,"column":4},"end":{"line":7,"column":85}}},"fnMap":{"0":{"name":"(anonymous_0)","decl":{"start":{"line":4,"column":17},"end":{"line":4,"column":18}},"loc":{"start":{"line":4,"column":29},"end":{"line":8,"column":1}},"line":4}},"branchMap":{},"s":{"0":4,"1":4,"2":4,"3":4},"f":{"0":4},"b":{},"_coverageSchema":"1a1c01bbd47fc00a2c39e90264f33305004495a9","hash":"9b08503512f2717148d8390aabdc1c1c723df405"}
,"C:\\www\\node\\divly\\startup\\routes.js": {"path":"C:\\www\\node\\divly\\startup\\routes.js","statementMap":{"0":{"start":{"line":2,"column":16},"end":{"line":2,"column":34}},"1":{"start":{"line":3,"column":15},"end":{"line":3,"column":32}},"2":{"start":{"line":4,"column":15},"end":{"line":4,"column":32}},"3":{"start":{"line":6,"column":14},"end":{"line":6,"column":44}},"4":{"start":{"line":7,"column":26},"end":{"line":7,"column":56}},"5":{"start":{"line":8,"column":29},"end":{"line":8,"column":68}},"6":{"start":{"line":9,"column":26},"end":{"line":9,"column":56}},"7":{"start":{"line":10,"column":27},"end":{"line":10,"column":58}},"8":{"start":{"line":11,"column":25},"end":{"line":11,"column":54}},"9":{"start":{"line":12,"column":29},"end":{"line":12,"column":57}},"10":{"start":{"line":13,"column":28},"end":{"line":13,"column":59}},"11":{"start":{"line":15,"column":0},"end":{"line":37,"column":1}},"12":{"start":{"line":19,"column":4},"end":{"line":19,"column":28}},"13":{"start":{"line":20,"column":4},"end":{"line":20,"column":52}},"14":{"start":{"line":21,"column":4},"end":{"line":21,"column":22}},"15":{"start":{"line":22,"column":4},"end":{"line":22,"column":28}},"16":{"start":{"line":26,"column":4},"end":{"line":26,"column":36}},"17":{"start":{"line":27,"column":4},"end":{"line":27,"column":39}},"18":{"start":{"line":28,"column":4},"end":{"line":28,"column":36}},"19":{"start":{"line":29,"column":4},"end":{"line":29,"column":37}},"20":{"start":{"line":30,"column":4},"end":{"line":30,"column":35}},"21":{"start":{"line":31,"column":4},"end":{"line":31,"column":39}},"22":{"start":{"line":32,"column":4},"end":{"line":32,"column":38}},"23":{"start":{"line":36,"column":4},"end":{"line":36,"column":19}}},"fnMap":{"0":{"name":"(anonymous_0)","decl":{"start":{"line":15,"column":17},"end":{"line":15,"column":18}},"loc":{"start":{"line":15,"column":32},"end":{"line":37,"column":1}},"line":15}},"branchMap":{},"s":{"0":4,"1":4,"2":4,"3":4,"4":4,"5":4,"6":4,"7":4,"8":4,"9":4,"10":4,"11":4,"12":4,"13":4,"14":4,"15":4,"16":4,"17":4,"18":4,"19":4,"20":4,"21":4,"22":4,"23":4},"f":{"0":4},"b":{},"_coverageSchema":"1a1c01bbd47fc00a2c39e90264f33305004495a9","hash":"126451de1b7d84522ef6a34c5410cdf1e9b70387"}
}
