TN:
SF:index.js
FN:18,(anonymous_0)
FN:23,(anonymous_1)
FN:34,(anonymous_2)
FN:37,(anonymous_3)
FN:49,(anonymous_4)
FNF:5
FNH:1
FNDA:0,(anonymous_0)
FNDA:0,(anonymous_1)
FNDA:0,(anonymous_2)
FNDA:0,(anonymous_3)
FNDA:4,(anonymous_4)
DA:3,4
DA:4,4
DA:5,4
DA:6,4
DA:7,4
DA:11,4
DA:12,4
DA:13,4
DA:14,4
DA:18,4
DA:19,0
DA:20,0
DA:23,4
DA:24,0
DA:25,0
DA:30,4
DA:34,4
DA:35,0
DA:37,4
DA:38,0
DA:43,4
DA:45,4
DA:46,0
DA:49,4
DA:51,4
LF:25
LH:18
BRDA:43,0,0,4
BRDA:43,0,1,4
BRDA:45,1,0,0
BRDA:45,1,1,4
BRDA:46,2,0,0
BRDA:46,2,1,0
BRF:6
BRH:3
end_of_record
TN:
SF:middleware\admin.js
FN:3,(anonymous_0)
FNF:1
FNH:1
FNDA:9,(anonymous_0)
DA:3,4
DA:5,9
DA:7,9
LF:3
LH:3
BRDA:5,0,0,0
BRDA:5,0,1,9
BRF:2
BRH:1
end_of_record
TN:
SF:middleware\async.js
FN:3,errorCatcher
FN:5,(anonymous_1)
FNF:2
FNH:2
FNDA:12,errorCatcher
FNDA:6,(anonymous_1)
DA:3,4
DA:5,12
DA:6,6
DA:7,6
DA:10,0
LF:5
LH:4
BRF:0
BRH:0
end_of_record
TN:
SF:middleware\auth.js
FN:6,(anonymous_0)
FNF:1
FNH:1
FNDA:22,(anonymous_0)
DA:2,5
DA:3,5
DA:4,5
DA:6,5
DA:7,22
DA:8,22
DA:10,22
DA:11,22
DA:12,18
DA:13,18
DA:16,4
DA:17,4
LF:12
LH:12
BRDA:8,0,0,3
BRDA:8,0,1,19
BRDA:8,1,0,22
BRDA:8,1,1,19
BRF:4
BRH:4
end_of_record
TN:
SF:middleware\error.js
FN:4,(anonymous_0)
FNF:1
FNH:1
FNDA:3,(anonymous_0)
DA:2,4
DA:4,4
DA:5,3
DA:6,3
LF:4
LH:4
BRF:0
BRH:0
end_of_record
TN:
SF:models\costumer.js
FNF:0
FNH:0
DA:1,4
DA:3,4
DA:23,4
DA:25,4
LF:4
LH:4
BRF:0
BRH:0
end_of_record
TN:
SF:models\genre.js
FNF:0
FNH:0
DA:4,4
DA:7,4
DA:17,4
DA:19,4
DA:20,4
LF:5
LH:5
BRF:0
BRH:0
end_of_record
TN:
SF:models\movie.js
FNF:0
FNH:0
DA:2,4
DA:4,4
DA:6,4
DA:31,4
DA:33,4
LF:5
LH:5
BRF:0
BRH:0
end_of_record
TN:
SF:models\rental.js
FN:60,(anonymous_0)
FNF:1
FNH:1
FNDA:6,(anonymous_0)
DA:2,4
DA:4,4
DA:60,4
DA:61,6
DA:67,4
DA:69,4
LF:6
LH:6
BRF:0
BRH:0
end_of_record
TN:
SF:models\user.js
FN:36,(anonymous_0)
FNF:1
FNH:1
FNDA:21,(anonymous_0)
DA:2,6
DA:3,6
DA:4,6
DA:6,6
DA:36,6
DA:37,21
DA:38,21
DA:41,6
DA:43,6
LF:9
LH:9
BRF:0
BRH:0
end_of_record
TN:
SF:router\auth.js
FN:10,(anonymous_0)
FNF:1
FNH:0
FNDA:0,(anonymous_0)
DA:3,4
DA:4,4
DA:5,4
DA:6,4
DA:10,4
DA:12,0
DA:13,0
DA:15,0
DA:16,0
DA:18,0
DA:19,0
DA:20,0
DA:23,4
LF:13
LH:6
BRDA:13,0,0,0
BRDA:13,0,1,0
BRDA:13,1,0,0
BRDA:13,1,1,0
BRDA:16,2,0,0
BRDA:16,2,1,0
BRF:6
BRH:0
end_of_record
TN:
SF:router\costumer-router.js
FN:8,(anonymous_0)
FN:16,(anonymous_1)
FN:26,(anonymous_2)
FN:47,(anonymous_3)
FN:55,(anonymous_4)
FN:68,(anonymous_5)
FN:70,(anonymous_6)
FNF:7
FNH:0
FNDA:0,(anonymous_0)
FNDA:0,(anonymous_1)
FNDA:0,(anonymous_2)
FNDA:0,(anonymous_3)
FNDA:0,(anonymous_4)
FNDA:0,(anonymous_5)
FNDA:0,(anonymous_6)
DA:2,4
DA:3,4
DA:5,4
DA:8,4
DA:10,0
DA:11,0
DA:16,4
DA:18,0
DA:19,0
DA:21,0
DA:26,4
DA:28,0
DA:30,0
DA:31,0
DA:32,0
DA:35,0
DA:37,0
DA:39,0
DA:47,4
DA:49,0
DA:56,0
DA:57,0
DA:59,0
DA:68,4
DA:70,0
DA:71,0
DA:72,0
DA:74,0
DA:81,4
LF:29
LH:9
BRDA:19,0,0,0
BRDA:19,0,1,0
BRDA:19,1,0,0
BRDA:19,1,1,0
BRDA:37,2,0,0
BRDA:37,2,1,0
BRDA:37,3,0,0
BRDA:37,3,1,0
BRDA:56,4,0,0
BRDA:56,4,1,0
BRDA:57,5,0,0
BRDA:57,5,1,0
BRDA:57,6,0,0
BRDA:57,6,1,0
BRDA:71,7,0,0
BRDA:71,7,1,0
BRDA:72,8,0,0
BRDA:72,8,1,0
BRDA:72,9,0,0
BRDA:72,9,1,0
BRF:20
BRH:0
end_of_record
TN:
SF:router\movies.js
FN:12,(anonymous_0)
FN:23,(anonymous_1)
FN:33,(anonymous_2)
FN:63,(anonymous_3)
FN:72,(anonymous_4)
FN:85,(anonymous_5)
FN:87,(anonymous_6)
FNF:7
FNH:0
FNDA:0,(anonymous_0)
FNDA:0,(anonymous_1)
FNDA:0,(anonymous_2)
FNDA:0,(anonymous_3)
FNDA:0,(anonymous_4)
FNDA:0,(anonymous_5)
FNDA:0,(anonymous_6)
DA:2,4
DA:3,4
DA:7,4
DA:8,4
DA:12,4
DA:14,0
DA:16,0
DA:18,0
DA:23,4
DA:25,0
DA:26,0
DA:28,0
DA:33,4
DA:38,0
DA:39,0
DA:41,0
DA:51,0
DA:53,0
DA:55,0
DA:63,4
DA:65,0
DA:73,0
DA:74,0
DA:76,0
DA:85,4
DA:87,0
DA:88,0
DA:89,0
DA:91,0
DA:98,4
LF:30
LH:10
BRDA:16,0,0,0
BRDA:16,0,1,0
BRDA:16,1,0,0
BRDA:16,1,1,0
BRDA:26,2,0,0
BRDA:26,2,1,0
BRDA:26,3,0,0
BRDA:26,3,1,0
BRDA:39,4,0,0
BRDA:39,4,1,0
BRDA:39,5,0,0
BRDA:39,5,1,0
BRDA:51,6,0,0
BRDA:51,6,1,0
BRDA:51,7,0,0
BRDA:51,7,1,0
BRDA:73,8,0,0
BRDA:73,8,1,0
BRDA:74,9,0,0
BRDA:74,9,1,0
BRDA:74,10,0,0
BRDA:74,10,1,0
BRDA:88,11,0,0
BRDA:88,11,1,0
BRDA:89,12,0,0
BRDA:89,12,1,0
BRDA:89,13,0,0
BRDA:89,13,1,0
BRF:28
BRH:0
end_of_record
TN:
SF:router\rentals.js
FN:19,(anonymous_0)
FN:62,(anonymous_1)
FNF:2
FNH:0
FNDA:0,(anonymous_0)
FNDA:0,(anonymous_1)
DA:2,4
DA:3,4
DA:4,4
DA:5,4
DA:6,4
DA:10,4
DA:14,4
DA:15,4
DA:17,4
DA:19,4
DA:21,0
DA:22,0
DA:24,0
DA:25,0
DA:27,0
DA:28,0
DA:30,0
DA:43,0
DA:45,0
DA:52,0
DA:58,0
DA:62,4
DA:63,0
DA:65,0
DA:67,0
DA:73,4
LF:26
LH:12
BRDA:22,0,0,0
BRDA:22,0,1,0
BRDA:25,1,0,0
BRDA:25,1,1,0
BRDA:25,2,0,0
BRDA:25,2,1,0
BRDA:28,3,0,0
BRDA:28,3,1,0
BRDA:28,4,0,0
BRDA:28,4,1,0
BRDA:65,5,0,0
BRDA:65,5,1,0
BRDA:65,6,0,0
BRDA:65,6,1,0
BRF:14
BRH:0
end_of_record
TN:
SF:router\returns.js
FN:9,(anonymous_0)
FNF:1
FNH:1
FNDA:8,(anonymous_0)
DA:2,4
DA:3,4
DA:4,4
DA:5,4
DA:6,4
DA:7,4
DA:9,4
DA:10,8
DA:11,7
DA:13,6
DA:15,6
DA:17,5
DA:19,4
DA:20,4
DA:21,4
DA:23,4
DA:24,4
DA:25,4
DA:26,4
DA:28,4
DA:31,4
LF:21
LH:21
BRDA:10,0,0,1
BRDA:10,0,1,7
BRDA:11,1,0,1
BRDA:11,1,1,6
BRDA:15,2,0,1
BRDA:15,2,1,5
BRDA:15,3,0,6
BRDA:15,3,1,5
BRDA:17,4,0,1
BRDA:17,4,1,4
BRF:10
BRH:10
end_of_record
TN:
SF:router\router.js
FN:14,(anonymous_0)
FN:25,(anonymous_1)
FN:35,(anonymous_2)
FN:52,(anonymous_3)
FN:65,(anonymous_4)
FNF:5
FNH:5
FNDA:2,(anonymous_0)
FNDA:2,(anonymous_1)
FNDA:4,(anonymous_2)
FNDA:3,(anonymous_3)
FNDA:2,(anonymous_4)
DA:2,4
DA:3,4
DA:4,4
DA:5,4
DA:6,4
DA:7,4
DA:8,4
DA:10,4
DA:14,4
DA:16,2
DA:17,2
DA:19,1
DA:20,1
DA:25,4
DA:27,2
DA:28,2
DA:30,1
DA:35,4
DA:37,4
DA:39,3
DA:43,3
DA:44,2
DA:46,1
DA:47,1
DA:52,4
DA:53,3
DA:54,2
DA:56,2
DA:58,1
DA:59,1
DA:60,1
DA:65,4
DA:67,2
DA:68,2
DA:69,1
DA:70,1
DA:73,4
LF:37
LH:37
BRDA:17,0,0,1
BRDA:17,0,1,1
BRDA:17,1,0,2
BRDA:17,1,1,2
BRDA:28,2,0,1
BRDA:28,2,1,1
BRDA:28,3,0,2
BRDA:28,3,1,2
BRDA:37,4,0,1
BRDA:37,4,1,3
BRDA:37,5,0,4
BRDA:37,5,1,3
BRDA:43,6,0,1
BRDA:43,6,1,2
BRDA:44,7,0,1
BRDA:44,7,1,1
BRDA:53,8,0,1
BRDA:53,8,1,2
BRDA:53,9,0,3
BRDA:53,9,1,2
BRDA:56,10,0,1
BRDA:56,10,1,1
BRDA:56,11,0,2
BRDA:56,11,1,1
BRDA:68,12,0,1
BRDA:68,12,1,1
BRDA:68,13,0,2
BRDA:68,13,1,1
BRF:28
BRH:28
end_of_record
TN:
SF:router\users.js
FN:11,(anonymous_0)
FNF:1
FNH:1
FNDA:7,(anonymous_0)
DA:2,4
DA:3,4
DA:4,4
DA:5,4
DA:6,4
DA:7,4
DA:11,4
DA:12,7
DA:14,7
DA:15,7
DA:17,5
DA:18,4
DA:19,2
DA:21,2
DA:22,2
DA:24,1
DA:31,1
DA:32,1
DA:34,1
DA:36,1
DA:38,1
DA:41,4
LF:22
LH:22
BRDA:14,0,0,0
BRDA:14,0,1,7
BRDA:15,1,0,2
BRDA:15,1,1,5
BRDA:15,2,0,7
BRDA:15,2,1,5
BRDA:17,3,0,1
BRDA:17,3,1,4
BRDA:17,4,0,5
BRDA:17,4,1,4
BRDA:18,5,0,2
BRDA:18,5,1,2
BRDA:19,6,0,0
BRDA:19,6,1,2
BRDA:19,7,0,2
BRDA:19,7,1,2
BRDA:22,8,0,1
BRDA:22,8,1,1
BRF:18
BRH:16
end_of_record
TN:
SF:startup\db.js
FN:6,(anonymous_0)
FN:10,(anonymous_1)
FNF:2
FNH:2
FNDA:4,(anonymous_0)
FNDA:4,(anonymous_1)
DA:2,4
DA:3,4
DA:4,4
DA:6,4
DA:8,4
DA:9,4
DA:10,4
LF:7
LH:7
BRF:0
BRH:0
end_of_record
TN:
SF:startup\essentialConfig.js
FN:4,(anonymous_0)
FNF:1
FNH:1
FNDA:4,(anonymous_0)
DA:2,4
DA:4,4
DA:5,4
DA:6,0
DA:7,0
LF:5
LH:3
BRDA:5,0,0,0
BRDA:5,0,1,4
BRDA:5,1,0,4
BRDA:5,1,1,4
BRF:4
BRH:3
end_of_record
TN:
SF:startup\logging.js
FN:4,(anonymous_0)
FNF:1
FNH:1
FNDA:4,(anonymous_0)
DA:2,4
DA:4,4
DA:6,4
DA:7,4
LF:4
LH:4
BRF:0
BRH:0
end_of_record
TN:
SF:startup\routes.js
FN:15,(anonymous_0)
FNF:1
FNH:1
FNDA:4,(anonymous_0)
DA:2,4
DA:3,4
DA:4,4
DA:6,4
DA:7,4
DA:8,4
DA:9,4
DA:10,4
DA:11,4
DA:12,4
DA:13,4
DA:15,4
DA:19,4
DA:20,4
DA:21,4
DA:22,4
DA:26,4
DA:27,4
DA:28,4
DA:29,4
DA:30,4
DA:31,4
DA:32,4
DA:36,4
LF:24
LH:24
BRF:0
BRH:0
end_of_record
